{
  error: Error: Cannot find module 'bcrypt'
  Require stack:
  - D:\web\LearnWords\src\resources\users\user.service.js
  - D:\web\LearnWords\src\resources\authentication\signin.router.js
  - D:\web\LearnWords\src\app.js
  - D:\web\LearnWords\src\server.js
      at Function.Module._resolveFilename (internal/modules/cjs/loader.js:880:15)
      at Function.Module._load (internal/modules/cjs/loader.js:725:27)
      at Module.require (internal/modules/cjs/loader.js:952:19)
      at require (internal/modules/cjs/helpers.js:88:18)
      at Object.<anonymous> (D:\web\LearnWords\src\resources\users\user.service.js:1:16)
      at Module._compile (internal/modules/cjs/loader.js:1063:30)
      at Object.Module._extensions..js (internal/modules/cjs/loader.js:1092:10)
      at Module.load (internal/modules/cjs/loader.js:928:32)
      at Function.Module._load (internal/modules/cjs/loader.js:769:14)
      at Module.require (internal/modules/cjs/loader.js:952:19)
      at require (internal/modules/cjs/helpers.js:88:18)
      at Object.<anonymous> (D:\web\LearnWords\src\resources\authentication\signin.router.js:4:21)
      at Module._compile (internal/modules/cjs/loader.js:1063:30)
      at Object.Module._extensions..js (internal/modules/cjs/loader.js:1092:10)
      at Module.load (internal/modules/cjs/loader.js:928:32)
      at Function.Module._load (internal/modules/cjs/loader.js:769:14) {
    code: 'MODULE_NOT_FOUND',
    requireStack: [
      'D:\\web\\LearnWords\\src\\resources\\users\\user.service.js',
      'D:\\web\\LearnWords\\src\\resources\\authentication\\signin.router.js',
      'D:\\web\\LearnWords\\src\\app.js',
      'D:\\web\\LearnWords\\src\\server.js'
    ]
  },
  level: 'error',
  message: "uncaughtException: Cannot find module 'bcrypt'\n" +
    'Require stack:\n' +
    '- D:\\web\\LearnWords\\src\\resources\\users\\user.service.js\n' +
    '- D:\\web\\LearnWords\\src\\resources\\authentication\\signin.router.js\n' +
    '- D:\\web\\LearnWords\\src\\app.js\n' +
    '- D:\\web\\LearnWords\\src\\server.js\n' +
    "Error: Cannot find module 'bcrypt'\n" +
    'Require stack:\n' +
    '- D:\\web\\LearnWords\\src\\resources\\users\\user.service.js\n' +
    '- D:\\web\\LearnWords\\src\\resources\\authentication\\signin.router.js\n' +
    '- D:\\web\\LearnWords\\src\\app.js\n' +
    '- D:\\web\\LearnWords\\src\\server.js\n' +
    '    at Function.Module._resolveFilename (internal/modules/cjs/loader.js:880:15)\n' +
    '    at Function.Module._load (internal/modules/cjs/loader.js:725:27)\n' +
    '    at Module.require (internal/modules/cjs/loader.js:952:19)\n' +
    '    at require (internal/modules/cjs/helpers.js:88:18)\n' +
    '    at Object.<anonymous> (D:\\web\\LearnWords\\src\\resources\\users\\user.service.js:1:16)\n' +
    '    at Module._compile (internal/modules/cjs/loader.js:1063:30)\n' +
    '    at Object.Module._extensions..js (internal/modules/cjs/loader.js:1092:10)\n' +
    '    at Module.load (internal/modules/cjs/loader.js:928:32)\n' +
    '    at Function.Module._load (internal/modules/cjs/loader.js:769:14)\n' +
    '    at Module.require (internal/modules/cjs/loader.js:952:19)\n' +
    '    at require (internal/modules/cjs/helpers.js:88:18)\n' +
    '    at Object.<anonymous> (D:\\web\\LearnWords\\src\\resources\\authentication\\signin.router.js:4:21)\n' +
    '    at Module._compile (internal/modules/cjs/loader.js:1063:30)\n' +
    '    at Object.Module._extensions..js (internal/modules/cjs/loader.js:1092:10)\n' +
    '    at Module.load (internal/modules/cjs/loader.js:928:32)\n' +
    '    at Function.Module._load (internal/modules/cjs/loader.js:769:14)',
  stack: "Error: Cannot find module 'bcrypt'\n" +
    'Require stack:\n' +
    '- D:\\web\\LearnWords\\src\\resources\\users\\user.service.js\n' +
    '- D:\\web\\LearnWords\\src\\resources\\authentication\\signin.router.js\n' +
    '- D:\\web\\LearnWords\\src\\app.js\n' +
    '- D:\\web\\LearnWords\\src\\server.js\n' +
    '    at Function.Module._resolveFilename (internal/modules/cjs/loader.js:880:15)\n' +
    '    at Function.Module._load (internal/modules/cjs/loader.js:725:27)\n' +
    '    at Module.require (internal/modules/cjs/loader.js:952:19)\n' +
    '    at require (internal/modules/cjs/helpers.js:88:18)\n' +
    '    at Object.<anonymous> (D:\\web\\LearnWords\\src\\resources\\users\\user.service.js:1:16)\n' +
    '    at Module._compile (internal/modules/cjs/loader.js:1063:30)\n' +
    '    at Object.Module._extensions..js (internal/modules/cjs/loader.js:1092:10)\n' +
    '    at Module.load (internal/modules/cjs/loader.js:928:32)\n' +
    '    at Function.Module._load (internal/modules/cjs/loader.js:769:14)\n' +
    '    at Module.require (internal/modules/cjs/loader.js:952:19)\n' +
    '    at require (internal/modules/cjs/helpers.js:88:18)\n' +
    '    at Object.<anonymous> (D:\\web\\LearnWords\\src\\resources\\authentication\\signin.router.js:4:21)\n' +
    '    at Module._compile (internal/modules/cjs/loader.js:1063:30)\n' +
    '    at Object.Module._extensions..js (internal/modules/cjs/loader.js:1092:10)\n' +
    '    at Module.load (internal/modules/cjs/loader.js:928:32)\n' +
    '    at Function.Module._load (internal/modules/cjs/loader.js:769:14)',
  exception: true,
  date: 'Thu Mar 18 2021 13:53:21 GMT+0300 (Москва, стандартное время)',
  process: {
    pid: 11896,
    uid: null,
    gid: null,
    cwd: 'D:\\web\\LearnWords',
    execPath: 'C:\\Program Files\\nodejs\\node.exe',
    version: 'v14.15.4',
    argv: [
      'C:\\Program Files\\nodejs\\node.exe',
      'D:\\web\\LearnWords\\src\\server.js'
    ],
    memoryUsage: {
      rss: 59056128,
      heapTotal: 35917824,
      heapUsed: 21694952,
      external: 19809031,
      arrayBuffers: 18344972
    }
  },
  os: { loadavg: [ 0, 0, 0 ], uptime: 1132565 },
  trace: [
    {
      column: 15,
      file: 'internal/modules/cjs/loader.js',
      function: 'Module._resolveFilename',
      line: 880,
      method: '_resolveFilename',
      native: false
    },
    {
      column: 27,
      file: 'internal/modules/cjs/loader.js',
      function: 'Module._load',
      line: 725,
      method: '_load',
      native: false
    },
    {
      column: 19,
      file: 'internal/modules/cjs/loader.js',
      function: 'Module.require',
      line: 952,
      method: 'require',
      native: false
    },
    {
      column: 18,
      file: 'internal/modules/cjs/helpers.js',
      function: 'require',
      line: 88,
      method: null,
      native: false
    },
    {
      column: 16,
      file: 'D:\\web\\LearnWords\\src\\resources\\users\\user.service.js',
      function: null,
      line: 1,
      method: null,
      native: false
    },
    {
      column: 30,
      file: 'internal/modules/cjs/loader.js',
      function: 'Module._compile',
      line: 1063,
      method: '_compile',
      native: false
    },
    {
      column: 10,
      file: 'internal/modules/cjs/loader.js',
      function: 'Module._extensions..js',
      line: 1092,
      method: '.js',
      native: false
    },
    {
      column: 32,
      file: 'internal/modules/cjs/loader.js',
      function: 'Module.load',
      line: 928,
      method: 'load',
      native: false
    },
    {
      column: 14,
      file: 'internal/modules/cjs/loader.js',
      function: 'Module._load',
      line: 769,
      method: '_load',
      native: false
    },
    {
      column: 19,
      file: 'internal/modules/cjs/loader.js',
      function: 'Module.require',
      line: 952,
      method: 'require',
      native: false
    },
    {
      column: 18,
      file: 'internal/modules/cjs/helpers.js',
      function: 'require',
      line: 88,
      method: null,
      native: false
    },
    {
      column: 21,
      file: 'D:\\web\\LearnWords\\src\\resources\\authentication\\signin.router.js',
      function: null,
      line: 4,
      method: null,
      native: false
    },
    {
      column: 30,
      file: 'internal/modules/cjs/loader.js',
      function: 'Module._compile',
      line: 1063,
      method: '_compile',
      native: false
    },
    {
      column: 10,
      file: 'internal/modules/cjs/loader.js',
      function: 'Module._extensions..js',
      line: 1092,
      method: '.js',
      native: false
    },
    {
      column: 32,
      file: 'internal/modules/cjs/loader.js',
      function: 'Module.load',
      line: 928,
      method: 'load',
      native: false
    },
    {
      column: 14,
      file: 'internal/modules/cjs/loader.js',
      function: 'Module._load',
      line: 769,
      method: '_load',
      native: false
    }
  ],
  timestamp: '2021-03-18T10:53:21.531Z'
}
{
  message: 'Successfully connect to DB',
  level: 'info',
  timestamp: '2021-03-18T11:03:18.101Z'
}
{
  message: 'App is running on http://localhost:4000',
  level: 'info',
  timestamp: '2021-03-18T11:03:18.116Z'
}
{
  message: 'GET 200 /words?group=0&page=1 - size req - res 2 - 79.679 ms\n',
  level: 'info',
  timestamp: '2021-03-18T11:03:51.098Z'
}
{
  message: 'Successfully connect to DB',
  level: 'info',
  timestamp: '2021-03-18T11:06:24.089Z'
}
{
  message: 'App is running on http://localhost:4000',
  level: 'info',
  timestamp: '2021-03-18T11:06:24.101Z'
}
{
  message: 'Successfully connect to DB',
  level: 'info',
  timestamp: '2021-03-18T11:07:12.659Z'
}
{
  message: 'App is running on http://localhost:4000',
  level: 'info',
  timestamp: '2021-03-18T11:07:12.667Z'
}
